This is pdfTeX, Version 3.14159265-2.6-1.40.19 (TeX Live 2019/dev/Debian) (preloaded format=pdflatex 2018.11.3)  27 MAY 2019 19:03
entering extended mode
 restricted \write18 enabled.
 %&-line parsing enabled.
**electrongun
(./electrongun.tex
LaTeX2e <2018-04-01> patch level 5
(/usr/share/texlive/texmf-dist/tex/latex/base/article.cls
Document Class: article 2014/09/29 v1.4h Standard LaTeX document class
(/usr/share/texlive/texmf-dist/tex/latex/base/size10.clo
File: size10.clo 2014/09/29 v1.4h Standard LaTeX file (size option)
)
\c@part=\count80
\c@section=\count81
\c@subsection=\count82
\c@subsubsection=\count83
\c@paragraph=\count84
\c@subparagraph=\count85
\c@figure=\count86
\c@table=\count87
\abovecaptionskip=\skip41
\belowcaptionskip=\skip42
\bibindent=\dimen102
)
(/usr/share/texlive/texmf-dist/tex/latex/hyperref/hyperref.sty
Package: hyperref 2018/02/06 v6.86b Hypertext links for LaTeX

(/usr/share/texlive/texmf-dist/tex/generic/oberdiek/hobsub-hyperref.sty
Package: hobsub-hyperref 2016/05/16 v1.14 Bundle oberdiek, subset hyperref (HO)


(/usr/share/texlive/texmf-dist/tex/generic/oberdiek/hobsub-generic.sty
Package: hobsub-generic 2016/05/16 v1.14 Bundle oberdiek, subset generic (HO)
Package: hobsub 2016/05/16 v1.14 Construct package bundles (HO)
Package: infwarerr 2016/05/16 v1.4 Providing info/warning/error messages (HO)
Package: ltxcmds 2016/05/16 v1.23 LaTeX kernel commands for general use (HO)
Package: ifluatex 2016/05/16 v1.4 Provides the ifluatex switch (HO)
Package ifluatex Info: LuaTeX not detected.
Package: ifvtex 2016/05/16 v1.6 Detect VTeX and its facilities (HO)
Package ifvtex Info: VTeX not detected.
Package: intcalc 2016/05/16 v1.2 Expandable calculations with integers (HO)
Package: ifpdf 2017/03/15 v3.2 Provides the ifpdf switch
Package: etexcmds 2016/05/16 v1.6 Avoid name clashes with e-TeX commands (HO)
Package: kvsetkeys 2016/05/16 v1.17 Key value parser (HO)
Package: kvdefinekeys 2016/05/16 v1.4 Define keys (HO)
Package: pdftexcmds 2018/01/30 v0.27 Utility functions of pdfTeX for LuaTeX (HO
)
Package pdftexcmds Info: LuaTeX not detected.
Package pdftexcmds Info: \pdf@primitive is available.
Package pdftexcmds Info: \pdf@ifprimitive is available.
Package pdftexcmds Info: \pdfdraftmode found.
Package: pdfescape 2016/05/16 v1.14 Implements pdfTeX's escape features (HO)
Package: bigintcalc 2016/05/16 v1.4 Expandable calculations on big integers (HO
)
Package: bitset 2016/05/16 v1.2 Handle bit-vector datatype (HO)
Package: uniquecounter 2016/05/16 v1.3 Provide unlimited unique counter (HO)
)
Package hobsub Info: Skipping package `hobsub' (already loaded).
Package: letltxmacro 2016/05/16 v1.5 Let assignment for LaTeX macros (HO)
Package: hopatch 2016/05/16 v1.3 Wrapper for package hooks (HO)
Package: xcolor-patch 2016/05/16 xcolor patch
Package: atveryend 2016/05/16 v1.9 Hooks at the very end of document (HO)
Package atveryend Info: \enddocument detected (standard20110627).
Package: atbegshi 2016/06/09 v1.18 At begin shipout hook (HO)
Package: refcount 2016/05/16 v3.5 Data extraction from label references (HO)
Package: hycolor 2016/05/16 v1.8 Color options for hyperref/bookmark (HO)
)
(/usr/share/texlive/texmf-dist/tex/latex/graphics/keyval.sty
Package: keyval 2014/10/28 v1.15 key=value parser (DPC)
\KV@toks@=\toks14
)
(/usr/share/texlive/texmf-dist/tex/generic/ifxetex/ifxetex.sty
Package: ifxetex 2010/09/12 v0.6 Provides ifxetex conditional
)
(/usr/share/texlive/texmf-dist/tex/latex/oberdiek/auxhook.sty
Package: auxhook 2016/05/16 v1.4 Hooks for auxiliary files (HO)
)
(/usr/share/texlive/texmf-dist/tex/latex/oberdiek/kvoptions.sty
Package: kvoptions 2016/05/16 v3.12 Key value format for package options (HO)
)
\@linkdim=\dimen103
\Hy@linkcounter=\count88
\Hy@pagecounter=\count89

(/usr/share/texlive/texmf-dist/tex/latex/hyperref/pd1enc.def
File: pd1enc.def 2018/02/06 v6.86b Hyperref: PDFDocEncoding definition (HO)
Now handling font encoding PD1 ...
... no UTF-8 mapping file for font encoding PD1
)
\Hy@SavedSpaceFactor=\count90

(/usr/share/texlive/texmf-dist/tex/latex/latexconfig/hyperref.cfg
File: hyperref.cfg 2002/06/06 v1.2 hyperref configuration of TeXLive
)
Package hyperref Info: Hyper figures OFF on input line 4509.
Package hyperref Info: Link nesting OFF on input line 4514.
Package hyperref Info: Hyper index ON on input line 4517.
Package hyperref Info: Plain pages OFF on input line 4524.
Package hyperref Info: Backreferencing OFF on input line 4529.
Package hyperref Info: Implicit mode ON; LaTeX internals redefined.
Package hyperref Info: Bookmarks ON on input line 4762.
\c@Hy@tempcnt=\count91

(/usr/share/texlive/texmf-dist/tex/latex/url/url.sty
\Urlmuskip=\muskip10
Package: url 2013/09/16  ver 3.4  Verb mode for urls, etc.
)
LaTeX Info: Redefining \url on input line 5115.
\XeTeXLinkMargin=\dimen104
\Fld@menulength=\count92
\Field@Width=\dimen105
\Fld@charsize=\dimen106
Package hyperref Info: Hyper figures OFF on input line 6369.
Package hyperref Info: Link nesting OFF on input line 6374.
Package hyperref Info: Hyper index ON on input line 6377.
Package hyperref Info: backreferencing OFF on input line 6384.
Package hyperref Info: Link coloring OFF on input line 6389.
Package hyperref Info: Link coloring with OCG OFF on input line 6394.
Package hyperref Info: PDF/A mode OFF on input line 6399.
LaTeX Info: Redefining \ref on input line 6439.
LaTeX Info: Redefining \pageref on input line 6443.
\Hy@abspage=\count93
\c@Item=\count94
\c@Hfootnote=\count95
)
Package hyperref Info: Driver (autodetected): hpdftex.

(/usr/share/texlive/texmf-dist/tex/latex/hyperref/hpdftex.def
File: hpdftex.def 2018/02/06 v6.86b Hyperref driver for pdfTeX
\Fld@listcount=\count96
\c@bookmark@seq@number=\count97

(/usr/share/texlive/texmf-dist/tex/latex/oberdiek/rerunfilecheck.sty
Package: rerunfilecheck 2016/05/16 v1.8 Rerun checks for auxiliary files (HO)
Package uniquecounter Info: New unique counter `rerunfilecheck' on input line 2
82.
)
\Hy@SectionHShift=\skip43
)
(/usr/share/texlive/texmf-dist/tex/latex/amsmath/amsmath.sty
Package: amsmath 2017/09/02 v2.17a AMS math features
\@mathmargin=\skip44

For additional information on amsmath, use the `?' option.
(/usr/share/texlive/texmf-dist/tex/latex/amsmath/amstext.sty
Package: amstext 2000/06/29 v2.01 AMS text

(/usr/share/texlive/texmf-dist/tex/latex/amsmath/amsgen.sty
File: amsgen.sty 1999/11/30 v2.0 generic functions
\@emptytoks=\toks15
\ex@=\dimen107
))
(/usr/share/texlive/texmf-dist/tex/latex/amsmath/amsbsy.sty
Package: amsbsy 1999/11/29 v1.2d Bold Symbols
\pmbraise@=\dimen108
)
(/usr/share/texlive/texmf-dist/tex/latex/amsmath/amsopn.sty
Package: amsopn 2016/03/08 v2.02 operator names
)
\inf@bad=\count98
LaTeX Info: Redefining \frac on input line 213.
\uproot@=\count99
\leftroot@=\count100
LaTeX Info: Redefining \overline on input line 375.
\classnum@=\count101
\DOTSCASE@=\count102
LaTeX Info: Redefining \ldots on input line 472.
LaTeX Info: Redefining \dots on input line 475.
LaTeX Info: Redefining \cdots on input line 596.
\Mathstrutbox@=\box26
\strutbox@=\box27
\big@size=\dimen109
LaTeX Font Info:    Redeclaring font encoding OML on input line 712.
LaTeX Font Info:    Redeclaring font encoding OMS on input line 713.
\macc@depth=\count103
\c@MaxMatrixCols=\count104
\dotsspace@=\muskip11
\c@parentequation=\count105
\dspbrk@lvl=\count106
\tag@help=\toks16
\row@=\count107
\column@=\count108
\maxfields@=\count109
\andhelp@=\toks17
\eqnshift@=\dimen110
\alignsep@=\dimen111
\tagshift@=\dimen112
\tagwidth@=\dimen113
\totwidth@=\dimen114
\lineht@=\dimen115
\@envbody=\toks18
\multlinegap=\skip45
\multlinetaggap=\skip46
\mathdisplay@stack=\toks19
LaTeX Info: Redefining \[ on input line 2817.
LaTeX Info: Redefining \] on input line 2818.
)
(/usr/share/texlive/texmf-dist/tex/latex/float/float.sty
Package: float 2001/11/08 v1.3d Float enhancements (AL)
\c@float@type=\count110
\float@exts=\toks20
\float@box=\box28
\@float@everytoks=\toks21
\@floatcapt=\box29
)
(/usr/share/texlive/texmf-dist/tex/latex/pgf/frontendlayer/tikz.sty
(/usr/share/texlive/texmf-dist/tex/latex/pgf/basiclayer/pgf.sty
(/usr/share/texlive/texmf-dist/tex/latex/pgf/utilities/pgfrcs.sty
(/usr/share/texlive/texmf-dist/tex/generic/pgf/utilities/pgfutil-common.tex
\pgfutil@everybye=\toks22
\pgfutil@tempdima=\dimen116
\pgfutil@tempdimb=\dimen117

(/usr/share/texlive/texmf-dist/tex/generic/pgf/utilities/pgfutil-common-lists.t
ex)) (/usr/share/texlive/texmf-dist/tex/generic/pgf/utilities/pgfutil-latex.def
\pgfutil@abb=\box30
(/usr/share/texlive/texmf-dist/tex/latex/ms/everyshi.sty
Package: everyshi 2001/05/15 v3.00 EveryShipout Package (MS)
))
(/usr/share/texlive/texmf-dist/tex/generic/pgf/utilities/pgfrcs.code.tex
Package: pgfrcs 2015/08/07 v3.0.1a (rcs-revision 1.31)
))
Package: pgf 2015/08/07 v3.0.1a (rcs-revision 1.15)

(/usr/share/texlive/texmf-dist/tex/latex/pgf/basiclayer/pgfcore.sty
(/usr/share/texlive/texmf-dist/tex/latex/graphics/graphicx.sty
Package: graphicx 2017/06/01 v1.1a Enhanced LaTeX Graphics (DPC,SPQR)

(/usr/share/texlive/texmf-dist/tex/latex/graphics/graphics.sty
Package: graphics 2017/06/25 v1.2c Standard LaTeX Graphics (DPC,SPQR)

(/usr/share/texlive/texmf-dist/tex/latex/graphics/trig.sty
Package: trig 2016/01/03 v1.10 sin cos tan (DPC)
)
(/usr/share/texlive/texmf-dist/tex/latex/graphics-cfg/graphics.cfg
File: graphics.cfg 2016/06/04 v1.11 sample graphics configuration
)
Package graphics Info: Driver file: pdftex.def on input line 99.

(/usr/share/texlive/texmf-dist/tex/latex/graphics-def/pdftex.def
File: pdftex.def 2018/01/08 v1.0l Graphics/color driver for pdftex
))
\Gin@req@height=\dimen118
\Gin@req@width=\dimen119
)
(/usr/share/texlive/texmf-dist/tex/latex/pgf/systemlayer/pgfsys.sty
(/usr/share/texlive/texmf-dist/tex/generic/pgf/systemlayer/pgfsys.code.tex
Package: pgfsys 2014/07/09 v3.0.1a (rcs-revision 1.48)

(/usr/share/texlive/texmf-dist/tex/generic/pgf/utilities/pgfkeys.code.tex
\pgfkeys@pathtoks=\toks23
\pgfkeys@temptoks=\toks24

(/usr/share/texlive/texmf-dist/tex/generic/pgf/utilities/pgfkeysfiltered.code.t
ex
\pgfkeys@tmptoks=\toks25
))
\pgf@x=\dimen120
\pgf@y=\dimen121
\pgf@xa=\dimen122
\pgf@ya=\dimen123
\pgf@xb=\dimen124
\pgf@yb=\dimen125
\pgf@xc=\dimen126
\pgf@yc=\dimen127
\w@pgf@writea=\write3
\r@pgf@reada=\read1
\c@pgf@counta=\count111
\c@pgf@countb=\count112
\c@pgf@countc=\count113
\c@pgf@countd=\count114
\t@pgf@toka=\toks26
\t@pgf@tokb=\toks27
\t@pgf@tokc=\toks28
 (/usr/share/texlive/texmf-dist/tex/generic/pgf/systemlayer/pgf.cfg
File: pgf.cfg 2008/05/14  (rcs-revision 1.7)
)
Driver file for pgf: pgfsys-pdftex.def

(/usr/share/texlive/texmf-dist/tex/generic/pgf/systemlayer/pgfsys-pdftex.def
File: pgfsys-pdftex.def 2014/10/11  (rcs-revision 1.35)

(/usr/share/texlive/texmf-dist/tex/generic/pgf/systemlayer/pgfsys-common-pdf.de
f
File: pgfsys-common-pdf.def 2013/10/10  (rcs-revision 1.13)
)))
(/usr/share/texlive/texmf-dist/tex/generic/pgf/systemlayer/pgfsyssoftpath.code.
tex
File: pgfsyssoftpath.code.tex 2013/09/09  (rcs-revision 1.9)
\pgfsyssoftpath@smallbuffer@items=\count115
\pgfsyssoftpath@bigbuffer@items=\count116
)
(/usr/share/texlive/texmf-dist/tex/generic/pgf/systemlayer/pgfsysprotocol.code.
tex
File: pgfsysprotocol.code.tex 2006/10/16  (rcs-revision 1.4)
)) (/usr/share/texlive/texmf-dist/tex/latex/xcolor/xcolor.sty
Package: xcolor 2016/05/11 v2.12 LaTeX color extensions (UK)

(/usr/share/texlive/texmf-dist/tex/latex/graphics-cfg/color.cfg
File: color.cfg 2016/01/02 v1.6 sample color configuration
)
Package xcolor Info: Driver file: pdftex.def on input line 225.
Package xcolor Info: Model `cmy' substituted by `cmy0' on input line 1348.
Package xcolor Info: Model `hsb' substituted by `rgb' on input line 1352.
Package xcolor Info: Model `RGB' extended on input line 1364.
Package xcolor Info: Model `HTML' substituted by `rgb' on input line 1366.
Package xcolor Info: Model `Hsb' substituted by `hsb' on input line 1367.
Package xcolor Info: Model `tHsb' substituted by `hsb' on input line 1368.
Package xcolor Info: Model `HSB' substituted by `hsb' on input line 1369.
Package xcolor Info: Model `Gray' substituted by `gray' on input line 1370.
Package xcolor Info: Model `wave' substituted by `hsb' on input line 1371.
)
(/usr/share/texlive/texmf-dist/tex/generic/pgf/basiclayer/pgfcore.code.tex
Package: pgfcore 2010/04/11 v3.0.1a (rcs-revision 1.7)

(/usr/share/texlive/texmf-dist/tex/generic/pgf/math/pgfmath.code.tex
(/usr/share/texlive/texmf-dist/tex/generic/pgf/math/pgfmathcalc.code.tex
(/usr/share/texlive/texmf-dist/tex/generic/pgf/math/pgfmathutil.code.tex)
(/usr/share/texlive/texmf-dist/tex/generic/pgf/math/pgfmathparser.code.tex
\pgfmath@dimen=\dimen128
\pgfmath@count=\count117
\pgfmath@box=\box31
\pgfmath@toks=\toks29
\pgfmath@stack@operand=\toks30
\pgfmath@stack@operation=\toks31
)
(/usr/share/texlive/texmf-dist/tex/generic/pgf/math/pgfmathfunctions.code.tex
(/usr/share/texlive/texmf-dist/tex/generic/pgf/math/pgfmathfunctions.basic.code
.tex)
(/usr/share/texlive/texmf-dist/tex/generic/pgf/math/pgfmathfunctions.trigonomet
ric.code.tex)
(/usr/share/texlive/texmf-dist/tex/generic/pgf/math/pgfmathfunctions.random.cod
e.tex)
(/usr/share/texlive/texmf-dist/tex/generic/pgf/math/pgfmathfunctions.comparison
.code.tex)
(/usr/share/texlive/texmf-dist/tex/generic/pgf/math/pgfmathfunctions.base.code.
tex)
(/usr/share/texlive/texmf-dist/tex/generic/pgf/math/pgfmathfunctions.round.code
.tex)
(/usr/share/texlive/texmf-dist/tex/generic/pgf/math/pgfmathfunctions.misc.code.
tex)
(/usr/share/texlive/texmf-dist/tex/generic/pgf/math/pgfmathfunctions.integerari
thmetics.code.tex)))
(/usr/share/texlive/texmf-dist/tex/generic/pgf/math/pgfmathfloat.code.tex
\c@pgfmathroundto@lastzeros=\count118
))
(/usr/share/texlive/texmf-dist/tex/generic/pgf/basiclayer/pgfcorepoints.code.te
x
File: pgfcorepoints.code.tex 2013/10/07  (rcs-revision 1.27)
\pgf@picminx=\dimen129
\pgf@picmaxx=\dimen130
\pgf@picminy=\dimen131
\pgf@picmaxy=\dimen132
\pgf@pathminx=\dimen133
\pgf@pathmaxx=\dimen134
\pgf@pathminy=\dimen135
\pgf@pathmaxy=\dimen136
\pgf@xx=\dimen137
\pgf@xy=\dimen138
\pgf@yx=\dimen139
\pgf@yy=\dimen140
\pgf@zx=\dimen141
\pgf@zy=\dimen142
)
(/usr/share/texlive/texmf-dist/tex/generic/pgf/basiclayer/pgfcorepathconstruct.
code.tex
File: pgfcorepathconstruct.code.tex 2013/10/07  (rcs-revision 1.29)
\pgf@path@lastx=\dimen143
\pgf@path@lasty=\dimen144
)
(/usr/share/texlive/texmf-dist/tex/generic/pgf/basiclayer/pgfcorepathusage.code
.tex
File: pgfcorepathusage.code.tex 2014/11/02  (rcs-revision 1.24)
\pgf@shorten@end@additional=\dimen145
\pgf@shorten@start@additional=\dimen146
)
(/usr/share/texlive/texmf-dist/tex/generic/pgf/basiclayer/pgfcorescopes.code.te
x
File: pgfcorescopes.code.tex 2015/05/08  (rcs-revision 1.46)
\pgfpic=\box32
\pgf@hbox=\box33
\pgf@layerbox@main=\box34
\pgf@picture@serial@count=\count119
)
(/usr/share/texlive/texmf-dist/tex/generic/pgf/basiclayer/pgfcoregraphicstate.c
ode.tex
File: pgfcoregraphicstate.code.tex 2014/11/02  (rcs-revision 1.12)
\pgflinewidth=\dimen147
)
(/usr/share/texlive/texmf-dist/tex/generic/pgf/basiclayer/pgfcoretransformation
s.code.tex
File: pgfcoretransformations.code.tex 2015/08/07  (rcs-revision 1.20)
\pgf@pt@x=\dimen148
\pgf@pt@y=\dimen149
\pgf@pt@temp=\dimen150
)
(/usr/share/texlive/texmf-dist/tex/generic/pgf/basiclayer/pgfcorequick.code.tex
File: pgfcorequick.code.tex 2008/10/09  (rcs-revision 1.3)
)
(/usr/share/texlive/texmf-dist/tex/generic/pgf/basiclayer/pgfcoreobjects.code.t
ex
File: pgfcoreobjects.code.tex 2006/10/11  (rcs-revision 1.2)
)
(/usr/share/texlive/texmf-dist/tex/generic/pgf/basiclayer/pgfcorepathprocessing
.code.tex
File: pgfcorepathprocessing.code.tex 2013/09/09  (rcs-revision 1.9)
)
(/usr/share/texlive/texmf-dist/tex/generic/pgf/basiclayer/pgfcorearrows.code.te
x
File: pgfcorearrows.code.tex 2015/05/14  (rcs-revision 1.43)
\pgfarrowsep=\dimen151
)
(/usr/share/texlive/texmf-dist/tex/generic/pgf/basiclayer/pgfcoreshade.code.tex
File: pgfcoreshade.code.tex 2013/07/15  (rcs-revision 1.15)
\pgf@max=\dimen152
\pgf@sys@shading@range@num=\count120
)
(/usr/share/texlive/texmf-dist/tex/generic/pgf/basiclayer/pgfcoreimage.code.tex
File: pgfcoreimage.code.tex 2013/07/15  (rcs-revision 1.18)

(/usr/share/texlive/texmf-dist/tex/generic/pgf/basiclayer/pgfcoreexternal.code.
tex
File: pgfcoreexternal.code.tex 2014/07/09  (rcs-revision 1.21)
\pgfexternal@startupbox=\box35
))
(/usr/share/texlive/texmf-dist/tex/generic/pgf/basiclayer/pgfcorelayers.code.te
x
File: pgfcorelayers.code.tex 2013/07/18  (rcs-revision 1.7)
)
(/usr/share/texlive/texmf-dist/tex/generic/pgf/basiclayer/pgfcoretransparency.c
ode.tex
File: pgfcoretransparency.code.tex 2013/09/30  (rcs-revision 1.5)
)
(/usr/share/texlive/texmf-dist/tex/generic/pgf/basiclayer/pgfcorepatterns.code.
tex
File: pgfcorepatterns.code.tex 2013/11/07  (rcs-revision 1.5)
)))
(/usr/share/texlive/texmf-dist/tex/generic/pgf/modules/pgfmoduleshapes.code.tex
File: pgfmoduleshapes.code.tex 2014/03/21  (rcs-revision 1.35)
\pgfnodeparttextbox=\box36
) (/usr/share/texlive/texmf-dist/tex/generic/pgf/modules/pgfmoduleplot.code.tex
File: pgfmoduleplot.code.tex 2015/08/03  (rcs-revision 1.13)
)
(/usr/share/texlive/texmf-dist/tex/latex/pgf/compatibility/pgfcomp-version-0-65
.sty
Package: pgfcomp-version-0-65 2007/07/03 v3.0.1a (rcs-revision 1.7)
\pgf@nodesepstart=\dimen153
\pgf@nodesepend=\dimen154
)
(/usr/share/texlive/texmf-dist/tex/latex/pgf/compatibility/pgfcomp-version-1-18
.sty
Package: pgfcomp-version-1-18 2007/07/23 v3.0.1a (rcs-revision 1.1)
)) (/usr/share/texlive/texmf-dist/tex/latex/pgf/utilities/pgffor.sty
(/usr/share/texlive/texmf-dist/tex/latex/pgf/utilities/pgfkeys.sty
(/usr/share/texlive/texmf-dist/tex/generic/pgf/utilities/pgfkeys.code.tex))
(/usr/share/texlive/texmf-dist/tex/latex/pgf/math/pgfmath.sty
(/usr/share/texlive/texmf-dist/tex/generic/pgf/math/pgfmath.code.tex))
(/usr/share/texlive/texmf-dist/tex/generic/pgf/utilities/pgffor.code.tex
Package: pgffor 2013/12/13 v3.0.1a (rcs-revision 1.25)

(/usr/share/texlive/texmf-dist/tex/generic/pgf/math/pgfmath.code.tex)
\pgffor@iter=\dimen155
\pgffor@skip=\dimen156
\pgffor@stack=\toks32
\pgffor@toks=\toks33
))
(/usr/share/texlive/texmf-dist/tex/generic/pgf/frontendlayer/tikz/tikz.code.tex
Package: tikz 2015/08/07 v3.0.1a (rcs-revision 1.151)

(/usr/share/texlive/texmf-dist/tex/generic/pgf/libraries/pgflibraryplothandlers
.code.tex
File: pgflibraryplothandlers.code.tex 2013/08/31 v3.0.1a (rcs-revision 1.20)
\pgf@plot@mark@count=\count121
\pgfplotmarksize=\dimen157
)
\tikz@lastx=\dimen158
\tikz@lasty=\dimen159
\tikz@lastxsaved=\dimen160
\tikz@lastysaved=\dimen161
\tikzleveldistance=\dimen162
\tikzsiblingdistance=\dimen163
\tikz@figbox=\box37
\tikz@figbox@bg=\box38
\tikz@tempbox=\box39
\tikz@tempbox@bg=\box40
\tikztreelevel=\count122
\tikznumberofchildren=\count123
\tikznumberofcurrentchild=\count124
\tikz@fig@count=\count125

(/usr/share/texlive/texmf-dist/tex/generic/pgf/modules/pgfmodulematrix.code.tex
File: pgfmodulematrix.code.tex 2013/09/17  (rcs-revision 1.8)
\pgfmatrixcurrentrow=\count126
\pgfmatrixcurrentcolumn=\count127
\pgf@matrix@numberofcolumns=\count128
)
\tikz@expandcount=\count129

(/usr/share/texlive/texmf-dist/tex/generic/pgf/frontendlayer/tikz/libraries/tik
zlibrarytopaths.code.tex
File: tikzlibrarytopaths.code.tex 2008/06/17 v3.0.1a (rcs-revision 1.2)
)))
(/usr/share/texlive/texmf-dist/tex/generic/pgfplots/libs/tikzlibrarycolorbrewer
.code.tex) (/usr/share/texlive/texmf-dist/tex/latex/pgfplots/pgfplots.sty
(/usr/share/texlive/texmf-dist/tex/generic/pgfplots/pgfplots.revision.tex)
Package: pgfplots 2018/03/28 v1.16 Data Visualization (1.16)

(/usr/share/texlive/texmf-dist/tex/generic/pgfplots/pgfplots.code.tex
(/usr/share/texlive/texmf-dist/tex/generic/pgfplots/pgfplotscore.code.tex
\t@pgfplots@toka=\toks34
\t@pgfplots@tokb=\toks35
\t@pgfplots@tokc=\toks36
\pgfplots@tmpa=\dimen164
\c@pgfplots@coordindex=\count130
\c@pgfplots@scanlineindex=\count131

(/usr/share/texlive/texmf-dist/tex/generic/pgfplots/sys/pgfplotssysgeneric.code
.tex))
(/usr/share/texlive/texmf-dist/tex/generic/pgfplots/libs/pgfplotslibrary.code.t
ex)
(/usr/share/texlive/texmf-dist/tex/generic/pgfplots/oldpgfcompatib/pgfplotsoldp
gfsupp_loader.code.tex
(/usr/share/texlive/texmf-dist/tex/generic/pgf/libraries/pgflibraryfpu.code.tex
)
Package pgfplots: loading complementary arithmetics for your pgf version...

(/usr/share/texlive/texmf-dist/tex/generic/pgfplots/oldpgfcompatib/pgfplotsoldp
gfsupp_pgflibraryfpu.code.tex)
(/usr/share/texlive/texmf-dist/tex/generic/pgfplots/oldpgfcompatib/pgfplotsoldp
gfsupp_pgfmathfloat.code.tex
\c@pgfmathroundto@lastzeros=\count132
)
(/usr/share/texlive/texmf-dist/tex/generic/pgfplots/oldpgfcompatib/pgfplotsoldp
gfsupp_leq.code.tex))
(/usr/share/texlive/texmf-dist/tex/generic/pgfplots/util/pgfplotsutil.code.tex
(/usr/share/texlive/texmf-dist/tex/generic/pgfplots/liststructure/pgfplotslists
tructure.code.tex)
(/usr/share/texlive/texmf-dist/tex/generic/pgfplots/liststructure/pgfplotslists
tructureext.code.tex)
(/usr/share/texlive/texmf-dist/tex/generic/pgfplots/liststructure/pgfplotsarray
.code.tex
\c@pgfplotsarray@tmp=\count133
)
(/usr/share/texlive/texmf-dist/tex/generic/pgfplots/liststructure/pgfplotsmatri
x.code.tex)
(/usr/share/texlive/texmf-dist/tex/generic/pgfplots/numtable/pgfplotstableshare
d.code.tex
\c@pgfplotstable@counta=\count134
\t@pgfplotstable@a=\toks37
)
(/usr/share/texlive/texmf-dist/tex/generic/pgfplots/liststructure/pgfplotsdeque
.code.tex)
(/usr/share/texlive/texmf-dist/tex/generic/pgfplots/util/pgfplotsbinary.code.te
x
(/usr/share/texlive/texmf-dist/tex/generic/pgfplots/util/pgfplotsbinary.data.co
de.tex))
(/usr/share/texlive/texmf-dist/tex/generic/pgfplots/util/pgfplotsutil.verb.code
.tex)
(/usr/share/texlive/texmf-dist/tex/generic/pgfplots/libs/pgflibrarypgfplots.sur
fshading.code.tex
\c@pgfplotslibrarysurf@no=\count135

(/usr/share/texlive/texmf-dist/tex/generic/pgfplots/sys/pgflibrarypgfplots.surf
shading.pgfsys-pdftex.def)))
(/usr/share/texlive/texmf-dist/tex/generic/pgfplots/util/pgfplotscolormap.code.
tex
(/usr/share/texlive/texmf-dist/tex/generic/pgfplots/util/pgfplotscolor.code.tex
))
(/usr/share/texlive/texmf-dist/tex/generic/pgfplots/pgfplotsstackedplots.code.t
ex)
(/usr/share/texlive/texmf-dist/tex/generic/pgfplots/pgfplotsplothandlers.code.t
ex
(/usr/share/texlive/texmf-dist/tex/generic/pgfplots/pgfplotsmeshplothandler.cod
e.tex
(/usr/share/texlive/texmf-dist/tex/generic/pgfplots/pgfplotsmeshplotimage.code.
tex)))
(/usr/share/texlive/texmf-dist/tex/generic/pgfplots/pgfplots.scaling.code.tex)
(/usr/share/texlive/texmf-dist/tex/generic/pgfplots/pgfplotscoordprocessing.cod
e.tex)
(/usr/share/texlive/texmf-dist/tex/generic/pgfplots/pgfplots.errorbars.code.tex
) (/usr/share/texlive/texmf-dist/tex/generic/pgfplots/pgfplots.markers.code.tex
) (/usr/share/texlive/texmf-dist/tex/generic/pgfplots/pgfplotsticks.code.tex)
(/usr/share/texlive/texmf-dist/tex/generic/pgfplots/pgfplots.paths.code.tex)
(/usr/share/texlive/texmf-dist/tex/generic/pgf/frontendlayer/tikz/libraries/tik
zlibrarydecorations.code.tex
(/usr/share/texlive/texmf-dist/tex/generic/pgf/modules/pgfmoduledecorations.cod
e.tex
\pgfdecoratedcompleteddistance=\dimen165
\pgfdecoratedremainingdistance=\dimen166
\pgfdecoratedinputsegmentcompleteddistance=\dimen167
\pgfdecoratedinputsegmentremainingdistance=\dimen168
\pgf@decorate@distancetomove=\dimen169
\pgf@decorate@repeatstate=\count136
\pgfdecorationsegmentamplitude=\dimen170
\pgfdecorationsegmentlength=\dimen171
)
\tikz@lib@dec@box=\box41
)
(/usr/share/texlive/texmf-dist/tex/generic/pgf/frontendlayer/tikz/libraries/tik
zlibrarydecorations.pathmorphing.code.tex
(/usr/share/texlive/texmf-dist/tex/generic/pgf/libraries/decorations/pgflibrary
decorations.pathmorphing.code.tex))
(/usr/share/texlive/texmf-dist/tex/generic/pgf/frontendlayer/tikz/libraries/tik
zlibrarydecorations.pathreplacing.code.tex
(/usr/share/texlive/texmf-dist/tex/generic/pgf/libraries/decorations/pgflibrary
decorations.pathreplacing.code.tex))
\pgfplots@numplots=\count137
\pgfplots@xmin@reg=\dimen172
\pgfplots@xmax@reg=\dimen173
\pgfplots@ymin@reg=\dimen174
\pgfplots@ymax@reg=\dimen175
\pgfplots@zmin@reg=\dimen176
\pgfplots@zmax@reg=\dimen177
)
(/usr/share/texlive/texmf-dist/tex/generic/pgf/frontendlayer/tikz/libraries/tik
zlibraryplotmarks.code.tex
File: tikzlibraryplotmarks.code.tex 2008/01/09 v3.0.1a (rcs-revision 1.1)

(/usr/share/texlive/texmf-dist/tex/generic/pgf/libraries/pgflibraryplotmarks.co
de.tex
File: pgflibraryplotmarks.code.tex 2015/08/03 v3.0.1a (rcs-revision 1.14)
))) (/usr/share/texlive/texmf-dist/tex/latex/pgfplots/pgfplotstable.sty
(/usr/share/texlive/texmf-dist/tex/generic/pgfplots/pgfplots.revision.tex)
Package: pgfplotstable 2018/03/28 v1.16 Table typesetting and Pretty-printing (
1.16)

(/usr/share/texlive/texmf-dist/tex/generic/pgfplots/numtable/pgfplotstable.code
.tex
(/usr/share/texlive/texmf-dist/tex/generic/pgfplots/numtable/pgfplotstable.colt
ype.code.tex)) (/usr/share/texlive/texmf-dist/tex/latex/tools/array.sty
Package: array 2018/04/30 v2.4h Tabular extension package (FMi)
\col@sep=\dimen178
\ar@mcellbox=\box42
\extrarowheight=\dimen179
\NC@list=\toks38
\extratabsurround=\skip47
\backup@length=\skip48
\ar@cellbox=\box43
))
(/usr/share/texlive/texmf-dist/tex/generic/pgfplots/libs/pgflibrarypgfplots.col
orbrewer.code.tex)
(/usr/share/texlive/texmf-dist/tex/generic/pgfplots/libs/tikzlibrarypgfplots.gr
oupplots.code.tex
\pgfplots@group@current@plot=\count138
\pgfplots@group@current@row=\count139
\pgfplots@group@current@column=\count140

(/usr/share/texlive/texmf-dist/tex/generic/pgf/frontendlayer/tikz/libraries/tik
zlibrarycalc.code.tex
File: tikzlibrarycalc.code.tex 2013/07/15 v3.0.1a (rcs-revision 1.9)
))
(/usr/share/texlive/texmf-dist/tex/generic/pgfplots/libs/tikzlibrarypgfplots.un
its.code.tex) (./mathrm.sty) (./mat-vec.sty) (./electrongun.aux)
\openout1 = `electrongun.aux'.

LaTeX Font Info:    Checking defaults for OML/cmm/m/it on input line 29.
LaTeX Font Info:    ... okay on input line 29.
LaTeX Font Info:    Checking defaults for T1/cmr/m/n on input line 29.
LaTeX Font Info:    ... okay on input line 29.
LaTeX Font Info:    Checking defaults for OT1/cmr/m/n on input line 29.
LaTeX Font Info:    ... okay on input line 29.
LaTeX Font Info:    Checking defaults for OMS/cmsy/m/n on input line 29.
LaTeX Font Info:    ... okay on input line 29.
LaTeX Font Info:    Checking defaults for OMX/cmex/m/n on input line 29.
LaTeX Font Info:    ... okay on input line 29.
LaTeX Font Info:    Checking defaults for U/cmr/m/n on input line 29.
LaTeX Font Info:    ... okay on input line 29.
LaTeX Font Info:    Checking defaults for PD1/pdf/m/n on input line 29.
LaTeX Font Info:    ... okay on input line 29.
\AtBeginShipoutBox=\box44
Package hyperref Info: Link coloring OFF on input line 29.

(/usr/share/texlive/texmf-dist/tex/latex/hyperref/nameref.sty
Package: nameref 2016/05/21 v2.44 Cross-referencing by name of section

(/usr/share/texlive/texmf-dist/tex/generic/oberdiek/gettitlestring.sty
Package: gettitlestring 2016/05/16 v1.5 Cleanup title references (HO)
)
\c@section@level=\count141
)
LaTeX Info: Redefining \ref on input line 29.
LaTeX Info: Redefining \pageref on input line 29.
LaTeX Info: Redefining \nameref on input line 29.

(./electrongun.out) (./electrongun.out)
\@outlinefile=\write4
\openout4 = `electrongun.out'.

 ABD: EveryShipout initializing macros
(/usr/share/texlive/texmf-dist/tex/context/base/mkii/supp-pdf.mkii
[Loading MPS to PDF converter (version 2006.09.02).]
\scratchcounter=\count142
\scratchdimen=\dimen180
\scratchbox=\box45
\nofMPsegments=\count143
\nofMParguments=\count144
\everyMPshowfont=\toks39
\MPscratchCnt=\count145
\MPscratchDim=\dimen181
\MPnumerator=\count146
\makeMPintoPDFobject=\count147
\everyMPtoPDFconversion=\toks40
) (/usr/share/texlive/texmf-dist/tex/latex/oberdiek/epstopdf-base.sty
Package: epstopdf-base 2016/05/15 v2.6 Base part for package epstopdf

(/usr/share/texlive/texmf-dist/tex/latex/oberdiek/grfext.sty
Package: grfext 2016/05/16 v1.2 Manage graphics extensions (HO)
)
Package epstopdf-base Info: Redefining graphics rule for `.eps' on input line 4
38.
Package grfext Info: Graphics extension search list:
(grfext)             [.pdf,.png,.jpg,.mps,.jpeg,.jbig2,.jb2,.PDF,.PNG,.JPG,.JPE
G,.JBIG2,.JB2,.eps]
(grfext)             \AppendGraphicsExtensions on input line 456.

(/usr/share/texlive/texmf-dist/tex/latex/latexconfig/epstopdf-sys.cfg
File: epstopdf-sys.cfg 2010/07/13 v1.3 Configuration of (r)epstopdf for TeX Liv
e
))
Package pgfplots notification 'compat/show suggested version=true': document ha
s been generated with the most recent feature set (\pgfplotsset{compat=1.16}).

(./tex/questions.tex
LaTeX Font Info:    Try loading font information for OMS+cmr on input line 3.
 (/usr/share/texlive/texmf-dist/tex/latex/base/omscmr.fd
File: omscmr.fd 2014/09/29 v2.5h Standard LaTeX font definitions
)
LaTeX Font Info:    Font shape `OMS/cmr/m/n' in size <10> not available
(Font)              Font shape `OMS/cmsy/m/n' tried instead on input line 3.
)
(./tex/overview.tex (./figures/overview/geometry.tex
Missing character: There is no / in font nullfont!
Missing character: There is no t in font nullfont!
Missing character: There is no i in font nullfont!
Missing character: There is no k in font nullfont!
Missing character: There is no z in font nullfont!
Missing character: There is no / in font nullfont!
Missing character: There is no f in font nullfont!
Missing character: There is no o in font nullfont!
Missing character: There is no n in font nullfont!
Missing character: There is no t in font nullfont!
Missing character: There is no = in font nullfont!
PGFPlots: reading {figures/overview/geometry/geometry_1.dat}
PGFPlots: reading {figures/overview/geometry/geometry_2.dat}
PGFPlots: reading {figures/overview/geometry/geometry_3.dat}
PGFPlots: reading {figures/overview/geometry/geometry_4.dat}
PGFPlots: reading {figures/overview/geometry/geometry_5.dat}
PGFPlots: reading {figures/overview/geometry/geometry_6.dat}
PGFPlots: reading {figures/overview/geometry/geometry_7.dat}
PGFPlots: reading {figures/overview/geometry/geometry_8.dat}
PGFPlots: reading {figures/overview/geometry/geometry_9.dat}
PGFPlots: reading {figures/overview/geometry/geometry_10.dat}
PGFPlots: reading {figures/overview/geometry/geometry_11.dat}
PGFPlots: reading {figures/overview/boundary/boundaries11.dat}
PGFPlots: reading {figures/overview/boundary/boundaries12.dat}
PGFPlots: reading {figures/overview/boundary/boundaries13.dat}
PGFPlots: reading {figures/overview/boundary/boundaries14.dat}
PGFPlots: reading {figures/overview/boundary/boundaries21.dat}
PGFPlots: reading {figures/overview/boundary/boundaries22.dat}
PGFPlots: reading {figures/overview/boundary/boundaries23.dat}
PGFPlots: reading {figures/overview/boundary/boundaries24.dat}
PGFPlots: reading {figures/overview/boundary/boundaries31.dat}
PGFPlots: reading {figures/overview/boundary/boundaries32.dat}
PGFPlots: reading {figures/overview/boundary/boundaries33.dat}
PGFPlots: reading {figures/overview/boundary/boundaries34.dat}
PGFPlots: reading {figures/overview/boundary/boundaries41.dat}
PGFPlots: reading {figures/overview/boundary/boundaries42.dat}
PGFPlots: reading {figures/overview/boundary/boundaries43.dat}
PGFPlots: reading {figures/overview/boundary/boundaries44.dat}
PGFPlots: reading {figures/overview/boundary/boundaries51.dat}
PGFPlots: reading {figures/overview/boundary/boundaries52.dat}
PGFPlots: reading {figures/overview/boundary/boundaries53.dat}
PGFPlots: reading {figures/overview/boundary/boundaries54.dat}
PGFPlots: reading {figures/overview/boundary/boundaries61.dat}
PGFPlots: reading {figures/overview/boundary/boundaries62.dat}
PGFPlots: reading {figures/overview/boundary/boundaries63.dat}
PGFPlots: reading {figures/overview/boundary/boundaries64.dat}
PGFPlots: reading {figures/overview/boundary/boundaries71.dat}
PGFPlots: reading {figures/overview/boundary/boundaries72.dat}
PGFPlots: reading {figures/overview/boundary/boundaries73.dat}
PGFPlots: reading {figures/overview/boundary/boundaries74.dat}
PGFPlots: reading {figures/overview/boundary/boundaries81.dat}
PGFPlots: reading {figures/overview/boundary/boundaries82.dat}
PGFPlots: reading {figures/overview/boundary/boundaries83.dat}
PGFPlots: reading {figures/overview/boundary/boundaries84.dat}
PGFPlots: reading {figures/overview/boundary/boundaries91.dat}
PGFPlots: reading {figures/overview/boundary/boundaries92.dat}
PGFPlots: reading {figures/overview/boundary/boundaries93.dat}
PGFPlots: reading {figures/overview/boundary/boundaries94.dat}
PGFPlots: reading {figures/overview/boundary/boundaries101.dat}
PGFPlots: reading {figures/overview/boundary/boundaries102.dat}
PGFPlots: reading {figures/overview/boundary/boundaries103.dat}
PGFPlots: reading {figures/overview/boundary/boundaries104.dat}
PGFPlots: reading {figures/overview/boundary/boundaries111.dat}
PGFPlots: reading {figures/overview/boundary/boundaries112.dat}
PGFPlots: reading {figures/overview/boundary/boundaries113.dat}
PGFPlots: reading {figures/overview/boundary/boundaries114.dat}
Missing character: There is no p in font nullfont!
Missing character: There is no t in font nullfont!
Missing character: There is no p in font nullfont!
Missing character: There is no t in font nullfont!
) [1

{/home/peter/.texlive2018/texmf-var/fonts/map/pdftex/updmap/pdftex.map}pdfTeX w
arning (ext4): destination with the same identifier (name{figure.1}) has been a
lready used, duplicate ignored

\AtBegShi@Output ...ipout \box \AtBeginShipoutBox 
                                                  \fi \fi 
l.13 \end{center}
                 ] (./figures/overview/potential.tex
PGFPlots: reading {figures/overview/potential/potential_1.dat}
PGFPlots: reading {figures/overview/potential/potential_2.dat}
PGFPlots: reading {figures/overview/potential/potential_3.dat}
PGFPlots: reading {figures/overview/potential/potential_4.dat}
PGFPlots: reading {figures/overview/potential/potential_5.dat}
PGFPlots: reading {figures/overview/potential/potential_6.dat}
PGFPlots: reading {figures/overview/potential/potential_7.dat}
PGFPlots: reading {figures/overview/potential/potential_8.dat}
PGFPlots: reading {figures/overview/potential/potential_9.dat}
PGFPlots: reading {figures/overview/potential/potential_10.dat}
PGFPlots: reading {figures/overview/potential/potential_11.dat}
Missing character: There is no p in font nullfont!
Missing character: There is no t in font nullfont!
Missing character: There is no p in font nullfont!
Missing character: There is no t in font nullfont!
)
(./figures/overview/gradient.tex
Missing character: There is no s in font nullfont!
Missing character: There is no c in font nullfont!
Missing character: There is no a in font nullfont!
Missing character: There is no l in font nullfont!
Missing character: There is no e in font nullfont!
Missing character: There is no = in font nullfont!
Missing character: There is no 0 in font nullfont!
Missing character: There is no . in font nullfont!
Missing character: There is no 8 in font nullfont!
PGFPlots: reading {figures/overview/gradient/gradient_1.dat}
PGFPlots: reading {figures/overview/gradient/gradient_2.dat}
PGFPlots: reading {figures/overview/gradient/gradient_3.dat}
PGFPlots: reading {figures/overview/gradient/gradient_4.dat}
PGFPlots: reading {figures/overview/gradient/gradient_5.dat}
PGFPlots: reading {figures/overview/gradient/gradient_6.dat}
PGFPlots: reading {figures/overview/gradient/gradient_7.dat}
PGFPlots: reading {figures/overview/gradient/gradient_8.dat}
PGFPlots: reading {figures/overview/gradient/gradient_9.dat}
PGFPlots: reading {figures/overview/gradient/gradient_10.dat}
PGFPlots: reading {figures/overview/gradient/gradient_11.dat}
Missing character: There is no p in font nullfont!
Missing character: There is no t in font nullfont!
Missing character: There is no p in font nullfont!
Missing character: There is no t in font nullfont!
) (./figures/overview/convergence_study.tex)
Overfull \hbox (77.684pt too wide) in paragraph at lines 31--33
[]  []
 []

) (./tex/tracking.tex [2pdfTeX warning (ext4): destination with the same identi
fier (name{figure.2}) has been already used, duplicate ignored

\AtBegShi@Output ...ipout \box \AtBeginShipoutBox 
                                                  \fi \fi 
l.1 \section
            {Tracking}pdfTeX warning (ext4): destination with the same identifi
er (name{figure.3}) has been already used, duplicate ignored

\AtBegShi@Output ...ipout \box \AtBeginShipoutBox 
                                                  \fi \fi 
l.1 \section
            {Tracking}] (./figures/tracking/grid_convergence_nsub=8.tex
Package pgfplots info on input line 8: Using 'lua backend=false' for axis: xmod
e=log unsupported (yet).
Package pgfplots info on input line 8: Using 'lua backend=false' for axis: ymod
e=log unsupported (yet).
PGFPlots: reading {figures/tracking/grid-centeraxis/centeraxis-degree=2-nsub8_e
rr.dat}
PGFPlots: reading {figures/tracking/grid-centeraxis/centeraxis-degree=2-nsub8_e
rrh.dat}
PGFPlots: reading {figures/tracking/grid-offaxis/offaxis-degree=2-nsub8_err.dat
}
PGFPlots: reading {figures/tracking/grid-offaxis/offaxis-degree=2-nsub8_errh.da
t}
PGFPlots: reading {figures/tracking/grid-onaxis/onaxis-degree=2-nsub8_err.dat}
PGFPlots: reading {figures/tracking/grid-onaxis/onaxis-degree=2-nsub8_errh.dat}

)
[3pdfTeX warning (ext4): destination with the same identifier (name{figure.4}) 
has been already used, duplicate ignored

\AtBegShi@Output ...ipout \box \AtBeginShipoutBox 
                                                  \fi \fi 
l.15 \end{center}
                 ] (./figures/tracking/grid_convergence_nsub=32.tex
Package pgfplots info on input line 8: Using 'lua backend=false' for axis: xmod
e=log unsupported (yet).
Package pgfplots info on input line 8: Using 'lua backend=false' for axis: ymod
e=log unsupported (yet).
PGFPlots: reading {figures/tracking/grid-centeraxis/centeraxis-degree=2-nsub32_
err.dat}
PGFPlots: reading {figures/tracking/grid-centeraxis/centeraxis-degree=2-nsub32_
errh.dat}
PGFPlots: reading {figures/tracking/grid-offaxis/offaxis-degree=2-nsub32_err.da
t}
PGFPlots: reading {figures/tracking/grid-offaxis/offaxis-degree=2-nsub32_errh.d
at}
PGFPlots: reading {figures/tracking/grid-onaxis/onaxis-degree=2-nsub32_err.dat}

PGFPlots: reading {figures/tracking/grid-onaxis/onaxis-degree=2-nsub32_errh.dat
}
)
(./figures/tracking/int_convergence_centeraxis.tex
Package pgfplots info on input line 8: Using 'lua backend=false' for axis: xmod
e=log unsupported (yet).
Package pgfplots info on input line 8: Using 'lua backend=false' for axis: ymod
e=log unsupported (yet).
PGFPlots: reading {figures/tracking/int-centeraxis/centeraxis-h=0.0808_err.dat}


NOTE: coordinate (0.03125,0) has been dropped because it is unbounded (in y). (
see also unbounded coords=jump). 
PGFPlots: reading {figures/tracking/int-centeraxis/centeraxis-h=0.0808_errH.dat
}
PGFPlots: reading {figures/tracking/int-centeraxis/centeraxis-h=0.1143_err.dat}

PGFPlots: reading {figures/tracking/int-centeraxis/centeraxis-h=0.1143_errH.dat
}
PGFPlots: reading {figures/tracking/int-centeraxis/centeraxis-h=0.16173_err.dat
}
PGFPlots: reading {figures/tracking/int-centeraxis/centeraxis-h=0.16173_errH.da
t}
) [4pdfTeX warning (ext4): destination with the same identifier (name{figure.5}
) has been already used, duplicate ignored

\AtBegShi@Output ...ipout \box \AtBeginShipoutBox 
                                                  \fi \fi 
l.35 \end{center}
                 pdfTeX warning (ext4): destination with the same identifier (n
ame{figure.6}) has been already used, duplicate ignored

\AtBegShi@Output ...ipout \box \AtBeginShipoutBox 
                                                  \fi \fi 
l.35 \end{center}
                 ] (./figures/tracking/int_convergence_onaxis.tex
Package pgfplots info on input line 8: Using 'lua backend=false' for axis: xmod
e=log unsupported (yet).
Package pgfplots info on input line 8: Using 'lua backend=false' for axis: ymod
e=log unsupported (yet).
PGFPlots: reading {figures/tracking/int-onaxis/onaxis-h=0.0808_err.dat}
PGFPlots: reading {figures/tracking/int-onaxis/onaxis-h=0.0808_errH.dat}
PGFPlots: reading {figures/tracking/int-onaxis/onaxis-h=0.1143_err.dat}
PGFPlots: reading {figures/tracking/int-onaxis/onaxis-h=0.1143_errH.dat}
PGFPlots: reading {figures/tracking/int-onaxis/onaxis-h=0.16173_err.dat}
PGFPlots: reading {figures/tracking/int-onaxis/onaxis-h=0.16173_errH.dat}
)
(./figures/tracking/int_convergence_offaxis.tex
Package pgfplots info on input line 8: Using 'lua backend=false' for axis: xmod
e=log unsupported (yet).
Package pgfplots info on input line 8: Using 'lua backend=false' for axis: ymod
e=log unsupported (yet).
PGFPlots: reading {figures/tracking/int-offaxis/offaxis-h=0.0808_err.dat}
PGFPlots: reading {figures/tracking/int-offaxis/offaxis-h=0.0808_errH.dat}
PGFPlots: reading {figures/tracking/int-offaxis/offaxis-h=0.1143_err.dat}
PGFPlots: reading {figures/tracking/int-offaxis/offaxis-h=0.1143_errH.dat}
PGFPlots: reading {figures/tracking/int-offaxis/offaxis-h=0.16173_err.dat}
PGFPlots: reading {figures/tracking/int-offaxis/offaxis-h=0.16173_errH.dat}
) [5pdfTeX warning (ext4): destination with the same identifier (name{figure.7}
) has been already used, duplicate ignored

\AtBegShi@Output ...ipout \box \AtBeginShipoutBox 
                                                  \fi \fi 
l.51 \end{center}
                 pdfTeX warning (ext4): destination with the same identifier (n
ame{figure.8}) has been already used, duplicate ignored

\AtBegShi@Output ...ipout \box \AtBeginShipoutBox 
                                                  \fi \fi 
l.51 \end{center}
                 ] (./figures/tracking/momentum.tex
PGFPlots: reading {figures/tracking/momentum.dat}
) [6pdfTeX warning (ext4): destination with the same identifier (name{figure.9}
) has been already used, duplicate ignored

\AtBegShi@Output ...ipout \box \AtBeginShipoutBox 
                                                  \fi \fi 
l.68   \item e
              mission is performed based on the rotated 2D cathodepdfTeX warnin
g (ext4): destination with the same identifier (name{figure.10}) has been alrea
dy used, duplicate ignored

\AtBegShi@Output ...ipout \box \AtBeginShipoutBox 
                                                  \fi \fi 
l.68   \item e
              mission is performed based on the rotated 2D cathode]
(./figures/tracking/tracks_normal.tex
PGFPlots: reading {figures/tracking/normal/track_Q=-1_N_prt=100_N_probe=10_dist
ro=normal_spacecharge=0_1.dat}
PGFPlots: reading {figures/tracking/normal/track_Q=-1_N_prt=100_N_probe=10_dist
ro=normal_spacecharge=0_2.dat}
PGFPlots: reading {figures/tracking/normal/track_Q=-1_N_prt=100_N_probe=10_dist
ro=normal_spacecharge=0_3.dat}
PGFPlots: reading {figures/tracking/normal/track_Q=-1_N_prt=100_N_probe=10_dist
ro=normal_spacecharge=0_4.dat}
PGFPlots: reading {figures/tracking/normal/track_Q=-1_N_prt=100_N_probe=10_dist
ro=normal_spacecharge=0_5.dat}
PGFPlots: reading {figures/tracking/normal/track_Q=-1_N_prt=100_N_probe=10_dist
ro=normal_spacecharge=0_6.dat}
PGFPlots: reading {figures/tracking/normal/track_Q=-1_N_prt=100_N_probe=10_dist
ro=normal_spacecharge=0_7.dat}
PGFPlots: reading {figures/tracking/normal/track_Q=-1_N_prt=100_N_probe=10_dist
ro=normal_spacecharge=0_8.dat}
PGFPlots: reading {figures/tracking/normal/track_Q=-1_N_prt=100_N_probe=10_dist
ro=normal_spacecharge=0_9.dat}
PGFPlots: reading {figures/tracking/normal/track_Q=-1_N_prt=100_N_probe=10_dist
ro=normal_spacecharge=0_10.dat}
PGFPlots: reading {figures/tracking/normal/track_Q=-1_N_prt=100_N_probe=10_dist
ro=normal_spacecharge=0_1.dat}
PGFPlots: reading {figures/tracking/normal/track_Q=-1_N_prt=100_N_probe=10_dist
ro=normal_spacecharge=0_2.dat}
PGFPlots: reading {figures/tracking/normal/track_Q=-1_N_prt=100_N_probe=10_dist
ro=normal_spacecharge=0_3.dat}
PGFPlots: reading {figures/tracking/normal/track_Q=-1_N_prt=100_N_probe=10_dist
ro=normal_spacecharge=0_4.dat}
PGFPlots: reading {figures/tracking/normal/track_Q=-1_N_prt=100_N_probe=10_dist
ro=normal_spacecharge=0_5.dat}
PGFPlots: reading {figures/tracking/normal/track_Q=-1_N_prt=100_N_probe=10_dist
ro=normal_spacecharge=0_6.dat}
PGFPlots: reading {figures/tracking/normal/track_Q=-1_N_prt=100_N_probe=10_dist
ro=normal_spacecharge=0_7.dat}
PGFPlots: reading {figures/tracking/normal/track_Q=-1_N_prt=100_N_probe=10_dist
ro=normal_spacecharge=0_8.dat}
PGFPlots: reading {figures/tracking/normal/track_Q=-1_N_prt=100_N_probe=10_dist
ro=normal_spacecharge=0_9.dat}
PGFPlots: reading {figures/tracking/normal/track_Q=-1_N_prt=100_N_probe=10_dist
ro=normal_spacecharge=0_10.dat}
)
Overfull \hbox (110.15897pt too wide) in paragraph at lines 38--74
[][]
 []

(./figures/tracking/tracks_normal_spch.tex
PGFPlots: reading {figures/tracking/normal-spch/track_Q=-1_N_prt=100_N_probe=10
_distro=normal_spacecharge=1_1.dat}
PGFPlots: reading {figures/tracking/normal-spch/track_Q=-1_N_prt=100_N_probe=10
_distro=normal_spacecharge=1_2.dat}
PGFPlots: reading {figures/tracking/normal-spch/track_Q=-1_N_prt=100_N_probe=10
_distro=normal_spacecharge=1_3.dat}
PGFPlots: reading {figures/tracking/normal-spch/track_Q=-1_N_prt=100_N_probe=10
_distro=normal_spacecharge=1_4.dat}
PGFPlots: reading {figures/tracking/normal-spch/track_Q=-1_N_prt=100_N_probe=10
_distro=normal_spacecharge=1_5.dat}
PGFPlots: reading {figures/tracking/normal-spch/track_Q=-1_N_prt=100_N_probe=10
_distro=normal_spacecharge=1_6.dat}
PGFPlots: reading {figures/tracking/normal-spch/track_Q=-1_N_prt=100_N_probe=10
_distro=normal_spacecharge=1_7.dat}
PGFPlots: reading {figures/tracking/normal-spch/track_Q=-1_N_prt=100_N_probe=10
_distro=normal_spacecharge=1_8.dat}
PGFPlots: reading {figures/tracking/normal-spch/track_Q=-1_N_prt=100_N_probe=10
_distro=normal_spacecharge=1_9.dat}
PGFPlots: reading {figures/tracking/normal-spch/track_Q=-1_N_prt=100_N_probe=10
_distro=normal_spacecharge=1_10.dat}
PGFPlots: reading {figures/tracking/normal-spch/track_Q=-1_N_prt=100_N_probe=10
_distro=normal_spacecharge=1_1.dat}
PGFPlots: reading {figures/tracking/normal-spch/track_Q=-1_N_prt=100_N_probe=10
_distro=normal_spacecharge=1_2.dat}
PGFPlots: reading {figures/tracking/normal-spch/track_Q=-1_N_prt=100_N_probe=10
_distro=normal_spacecharge=1_3.dat}
PGFPlots: reading {figures/tracking/normal-spch/track_Q=-1_N_prt=100_N_probe=10
_distro=normal_spacecharge=1_4.dat}
PGFPlots: reading {figures/tracking/normal-spch/track_Q=-1_N_prt=100_N_probe=10
_distro=normal_spacecharge=1_5.dat}
PGFPlots: reading {figures/tracking/normal-spch/track_Q=-1_N_prt=100_N_probe=10
_distro=normal_spacecharge=1_6.dat}
PGFPlots: reading {figures/tracking/normal-spch/track_Q=-1_N_prt=100_N_probe=10
_distro=normal_spacecharge=1_7.dat}
PGFPlots: reading {figures/tracking/normal-spch/track_Q=-1_N_prt=100_N_probe=10
_distro=normal_spacecharge=1_8.dat}
PGFPlots: reading {figures/tracking/normal-spch/track_Q=-1_N_prt=100_N_probe=10
_distro=normal_spacecharge=1_9.dat}
PGFPlots: reading {figures/tracking/normal-spch/track_Q=-1_N_prt=100_N_probe=10
_distro=normal_spacecharge=1_10.dat}
)
Overfull \hbox (110.16537pt too wide) in paragraph at lines 38--82
[][]
 []

[7pdfTeX warning (ext4): destination with the same identifier (name{figure.11})
 has been already used, duplicate ignored

\AtBegShi@Output ...ipout \box \AtBeginShipoutBox 
                                                  \fi \fi 
l.85 \end{center}
                 ] (./figures/tracking/tracks_uniform.tex
PGFPlots: reading {figures/tracking/uniform/track_Q=-1_N_prt=100_N_probe=10_dis
tro=uniform_spacecharge=0_1.dat}
PGFPlots: reading {figures/tracking/uniform/track_Q=-1_N_prt=100_N_probe=10_dis
tro=uniform_spacecharge=0_2.dat}
PGFPlots: reading {figures/tracking/uniform/track_Q=-1_N_prt=100_N_probe=10_dis
tro=uniform_spacecharge=0_3.dat}
PGFPlots: reading {figures/tracking/uniform/track_Q=-1_N_prt=100_N_probe=10_dis
tro=uniform_spacecharge=0_4.dat}
PGFPlots: reading {figures/tracking/uniform/track_Q=-1_N_prt=100_N_probe=10_dis
tro=uniform_spacecharge=0_5.dat}
PGFPlots: reading {figures/tracking/uniform/track_Q=-1_N_prt=100_N_probe=10_dis
tro=uniform_spacecharge=0_6.dat}
PGFPlots: reading {figures/tracking/uniform/track_Q=-1_N_prt=100_N_probe=10_dis
tro=uniform_spacecharge=0_7.dat}
PGFPlots: reading {figures/tracking/uniform/track_Q=-1_N_prt=100_N_probe=10_dis
tro=uniform_spacecharge=0_8.dat}
PGFPlots: reading {figures/tracking/uniform/track_Q=-1_N_prt=100_N_probe=10_dis
tro=uniform_spacecharge=0_9.dat}
PGFPlots: reading {figures/tracking/uniform/track_Q=-1_N_prt=100_N_probe=10_dis
tro=uniform_spacecharge=0_10.dat}
PGFPlots: reading {figures/tracking/uniform/track_Q=-1_N_prt=100_N_probe=10_dis
tro=uniform_spacecharge=0_1.dat}
PGFPlots: reading {figures/tracking/uniform/track_Q=-1_N_prt=100_N_probe=10_dis
tro=uniform_spacecharge=0_2.dat}
PGFPlots: reading {figures/tracking/uniform/track_Q=-1_N_prt=100_N_probe=10_dis
tro=uniform_spacecharge=0_3.dat}
PGFPlots: reading {figures/tracking/uniform/track_Q=-1_N_prt=100_N_probe=10_dis
tro=uniform_spacecharge=0_4.dat}
PGFPlots: reading {figures/tracking/uniform/track_Q=-1_N_prt=100_N_probe=10_dis
tro=uniform_spacecharge=0_5.dat}
PGFPlots: reading {figures/tracking/uniform/track_Q=-1_N_prt=100_N_probe=10_dis
tro=uniform_spacecharge=0_6.dat}
PGFPlots: reading {figures/tracking/uniform/track_Q=-1_N_prt=100_N_probe=10_dis
tro=uniform_spacecharge=0_7.dat}
PGFPlots: reading {figures/tracking/uniform/track_Q=-1_N_prt=100_N_probe=10_dis
tro=uniform_spacecharge=0_8.dat}
PGFPlots: reading {figures/tracking/uniform/track_Q=-1_N_prt=100_N_probe=10_dis
tro=uniform_spacecharge=0_9.dat}
PGFPlots: reading {figures/tracking/uniform/track_Q=-1_N_prt=100_N_probe=10_dis
tro=uniform_spacecharge=0_10.dat}
)
Overfull \hbox (110.1604pt too wide) in paragraph at lines 38--92
[][]
 []

[8pdfTeX warning (ext4): destination with the same identifier (name{figure.12})
 has been already used, duplicate ignored

\AtBegShi@Output ...ipout \box \AtBeginShipoutBox 
                                                  \fi \fi 
l.95 \end{center}
                 ] (./figures/tracking/tracks_uniform_spch.tex
PGFPlots: reading {figures/tracking/uniform-spch/track_Q=-1_N_prt=100_N_probe=1
0_distro=uniform_spacecharge=1_1.dat}
PGFPlots: reading {figures/tracking/uniform-spch/track_Q=-1_N_prt=100_N_probe=1
0_distro=uniform_spacecharge=1_2.dat}
PGFPlots: reading {figures/tracking/uniform-spch/track_Q=-1_N_prt=100_N_probe=1
0_distro=uniform_spacecharge=1_3.dat}
PGFPlots: reading {figures/tracking/uniform-spch/track_Q=-1_N_prt=100_N_probe=1
0_distro=uniform_spacecharge=1_4.dat}
PGFPlots: reading {figures/tracking/uniform-spch/track_Q=-1_N_prt=100_N_probe=1
0_distro=uniform_spacecharge=1_5.dat}
PGFPlots: reading {figures/tracking/uniform-spch/track_Q=-1_N_prt=100_N_probe=1
0_distro=uniform_spacecharge=1_6.dat}
PGFPlots: reading {figures/tracking/uniform-spch/track_Q=-1_N_prt=100_N_probe=1
0_distro=uniform_spacecharge=1_7.dat}
PGFPlots: reading {figures/tracking/uniform-spch/track_Q=-1_N_prt=100_N_probe=1
0_distro=uniform_spacecharge=1_8.dat}
PGFPlots: reading {figures/tracking/uniform-spch/track_Q=-1_N_prt=100_N_probe=1
0_distro=uniform_spacecharge=1_9.dat}
PGFPlots: reading {figures/tracking/uniform-spch/track_Q=-1_N_prt=100_N_probe=1
0_distro=uniform_spacecharge=1_10.dat}
PGFPlots: reading {figures/tracking/uniform-spch/track_Q=-1_N_prt=100_N_probe=1
0_distro=uniform_spacecharge=1_1.dat}
PGFPlots: reading {figures/tracking/uniform-spch/track_Q=-1_N_prt=100_N_probe=1
0_distro=uniform_spacecharge=1_2.dat}
PGFPlots: reading {figures/tracking/uniform-spch/track_Q=-1_N_prt=100_N_probe=1
0_distro=uniform_spacecharge=1_3.dat}
PGFPlots: reading {figures/tracking/uniform-spch/track_Q=-1_N_prt=100_N_probe=1
0_distro=uniform_spacecharge=1_4.dat}
PGFPlots: reading {figures/tracking/uniform-spch/track_Q=-1_N_prt=100_N_probe=1
0_distro=uniform_spacecharge=1_5.dat}
PGFPlots: reading {figures/tracking/uniform-spch/track_Q=-1_N_prt=100_N_probe=1
0_distro=uniform_spacecharge=1_6.dat}
PGFPlots: reading {figures/tracking/uniform-spch/track_Q=-1_N_prt=100_N_probe=1
0_distro=uniform_spacecharge=1_7.dat}
PGFPlots: reading {figures/tracking/uniform-spch/track_Q=-1_N_prt=100_N_probe=1
0_distro=uniform_spacecharge=1_8.dat}
PGFPlots: reading {figures/tracking/uniform-spch/track_Q=-1_N_prt=100_N_probe=1
0_distro=uniform_spacecharge=1_9.dat}
PGFPlots: reading {figures/tracking/uniform-spch/track_Q=-1_N_prt=100_N_probe=1
0_distro=uniform_spacecharge=1_10.dat}
)
Overfull \hbox (102.3713pt too wide) in paragraph at lines 38--100
[][]
 []

) (./tex/optimization.tex [9pdfTeX warning (ext4): destination with the same id
entifier (name{figure.13}) has been already used, duplicate ignored

\AtBegShi@Output ...ipout \box \AtBeginShipoutBox 
                                                  \fi \fi 
l.1 \section
            {Optimization}pdfTeX warning (ext4): destination with the same iden
tifier (name{figure.14}) has been already used, duplicate ignored

\AtBegShi@Output ...ipout \box \AtBeginShipoutBox 
                                                  \fi \fi 
l.1 \section
            {Optimization}]) [10]
Package atveryend Info: Empty hook `BeforeClearDocument' on input line 40.
Package atveryend Info: Empty hook `AfterLastShipout' on input line 40.
 (./electrongun.aux)
Package atveryend Info: Executing hook `AtVeryEndDocument' on input line 40.


 *File List*
 article.cls    2014/09/29 v1.4h Standard LaTeX document class
  size10.clo    2014/09/29 v1.4h Standard LaTeX file (size option)
hyperref.sty    2018/02/06 v6.86b Hypertext links for LaTeX
hobsub-hyperref.sty    2016/05/16 v1.14 Bundle oberdiek, subset hyperref (HO)
hobsub-generic.sty    2016/05/16 v1.14 Bundle oberdiek, subset generic (HO)
  hobsub.sty    2016/05/16 v1.14 Construct package bundles (HO)
infwarerr.sty    2016/05/16 v1.4 Providing info/warning/error messages (HO)
 ltxcmds.sty    2016/05/16 v1.23 LaTeX kernel commands for general use (HO)
ifluatex.sty    2016/05/16 v1.4 Provides the ifluatex switch (HO)
  ifvtex.sty    2016/05/16 v1.6 Detect VTeX and its facilities (HO)
 intcalc.sty    2016/05/16 v1.2 Expandable calculations with integers (HO)
   ifpdf.sty    2017/03/15 v3.2 Provides the ifpdf switch
etexcmds.sty    2016/05/16 v1.6 Avoid name clashes with e-TeX commands (HO)
kvsetkeys.sty    2016/05/16 v1.17 Key value parser (HO)
kvdefinekeys.sty    2016/05/16 v1.4 Define keys (HO)
pdftexcmds.sty    2018/01/30 v0.27 Utility functions of pdfTeX for LuaTeX (HO)
pdfescape.sty    2016/05/16 v1.14 Implements pdfTeX's escape features (HO)
bigintcalc.sty    2016/05/16 v1.4 Expandable calculations on big integers (HO)
  bitset.sty    2016/05/16 v1.2 Handle bit-vector datatype (HO)
uniquecounter.sty    2016/05/16 v1.3 Provide unlimited unique counter (HO)
letltxmacro.sty    2016/05/16 v1.5 Let assignment for LaTeX macros (HO)
 hopatch.sty    2016/05/16 v1.3 Wrapper for package hooks (HO)
xcolor-patch.sty    2016/05/16 xcolor patch
atveryend.sty    2016/05/16 v1.9 Hooks at the very end of document (HO)
atbegshi.sty    2016/06/09 v1.18 At begin shipout hook (HO)
refcount.sty    2016/05/16 v3.5 Data extraction from label references (HO)
 hycolor.sty    2016/05/16 v1.8 Color options for hyperref/bookmark (HO)
  keyval.sty    2014/10/28 v1.15 key=value parser (DPC)
 ifxetex.sty    2010/09/12 v0.6 Provides ifxetex conditional
 auxhook.sty    2016/05/16 v1.4 Hooks for auxiliary files (HO)
kvoptions.sty    2016/05/16 v3.12 Key value format for package options (HO)
  pd1enc.def    2018/02/06 v6.86b Hyperref: PDFDocEncoding definition (HO)
hyperref.cfg    2002/06/06 v1.2 hyperref configuration of TeXLive
     url.sty    2013/09/16  ver 3.4  Verb mode for urls, etc.
 hpdftex.def    2018/02/06 v6.86b Hyperref driver for pdfTeX
rerunfilecheck.sty    2016/05/16 v1.8 Rerun checks for auxiliary files (HO)
 amsmath.sty    2017/09/02 v2.17a AMS math features
 amstext.sty    2000/06/29 v2.01 AMS text
  amsgen.sty    1999/11/30 v2.0 generic functions
  amsbsy.sty    1999/11/29 v1.2d Bold Symbols
  amsopn.sty    2016/03/08 v2.02 operator names
   float.sty    2001/11/08 v1.3d Float enhancements (AL)
    tikz.sty    2015/08/07 v3.0.1a (rcs-revision 1.151)
     pgf.sty    2015/08/07 v3.0.1a (rcs-revision 1.15)
  pgfrcs.sty    2015/08/07 v3.0.1a (rcs-revision 1.31)
everyshi.sty    2001/05/15 v3.00 EveryShipout Package (MS)
  pgfrcs.code.tex
 pgfcore.sty    2010/04/11 v3.0.1a (rcs-revision 1.7)
graphicx.sty    2017/06/01 v1.1a Enhanced LaTeX Graphics (DPC,SPQR)
graphics.sty    2017/06/25 v1.2c Standard LaTeX Graphics (DPC,SPQR)
    trig.sty    2016/01/03 v1.10 sin cos tan (DPC)
graphics.cfg    2016/06/04 v1.11 sample graphics configuration
  pdftex.def    2018/01/08 v1.0l Graphics/color driver for pdftex
  pgfsys.sty    2014/07/09 v3.0.1a (rcs-revision 1.48)
  pgfsys.code.tex
pgfsyssoftpath.code.tex    2013/09/09  (rcs-revision 1.9)
pgfsysprotocol.code.tex    2006/10/16  (rcs-revision 1.4)
  xcolor.sty    2016/05/11 v2.12 LaTeX color extensions (UK)
   color.cfg    2016/01/02 v1.6 sample color configuration
 pgfcore.code.tex
pgfcomp-version-0-65.sty    2007/07/03 v3.0.1a (rcs-revision 1.7)
pgfcomp-version-1-18.sty    2007/07/23 v3.0.1a (rcs-revision 1.1)
  pgffor.sty    2013/12/13 v3.0.1a (rcs-revision 1.25)
 pgfkeys.sty    
 pgfkeys.code.tex
 pgfmath.sty    
 pgfmath.code.tex
  pgffor.code.tex
    tikz.code.tex
pgfplots.sty    2018/03/28 v1.16 Data Visualization (1.16)
pgfplotstable.sty    2018/03/28 v1.16 Table typesetting and Pretty-printing (1.
16)
   array.sty    2018/04/30 v2.4h Tabular extension package (FMi)
  mathrm.sty    
 mat-vec.sty    
 nameref.sty    2016/05/21 v2.44 Cross-referencing by name of section
gettitlestring.sty    2016/05/16 v1.5 Cleanup title references (HO)
electrongun.out
electrongun.out
supp-pdf.mkii
epstopdf-base.sty    2016/05/15 v2.6 Base part for package epstopdf
  grfext.sty    2016/05/16 v1.2 Manage graphics extensions (HO)
epstopdf-sys.cfg    2010/07/13 v1.3 Configuration of (r)epstopdf for TeX Live
tex/questions.tex
  omscmr.fd    2014/09/29 v2.5h Standard LaTeX font definitions
tex/overview.tex
figures/overview/geometry.tex
figures/overview/potential.tex
figures/overview/gradient.tex
figures/overview/convergence_study.tex
tex/tracking.tex
figures/tracking/grid_convergence_nsub=8.tex
figures/tracking/grid_convergence_nsub=32.tex
figures/tracking/int_convergence_centeraxis.tex
figures/tracking/int_convergence_onaxis.tex
figures/tracking/int_convergence_offaxis.tex
figures/tracking/momentum.tex
figures/tracking/tracks_normal.tex
figures/tracking/tracks_normal_spch.tex
figures/tracking/tracks_uniform.tex
figures/tracking/tracks_uniform_spch.tex
tex/optimization.tex
 ***********

Package atveryend Info: Executing hook `AtEndAfterFileList' on input line 40.
Package rerunfilecheck Info: File `electrongun.out' has not changed.
(rerunfilecheck)             Checksum: 6B744B206590D1840C3FA30FDBCF757A;177.
Package atveryend Info: Empty hook `AtVeryVeryEnd' on input line 40.
 ) 
Here is how much of TeX's memory you used:
 29299 strings out of 492641
 752481 string characters out of 6131787
 1339231 words of memory out of 5000000
 32378 multiletter control sequences out of 15000+600000
 8408 words of font info for 31 fonts, out of 8000000 for 9000
 1141 hyphenation exceptions out of 8191
 78i,20n,136p,729b,2649s stack positions out of 5000i,500n,10000p,200000b,80000s
</usr/share/texlive/texmf-dist/fonts/type1/public/amsfonts/cm/cmbx12.pfb></us
r/share/texlive/texmf-dist/fonts/type1/public/amsfonts/cm/cmmi10.pfb></usr/shar
e/texlive/texmf-dist/fonts/type1/public/amsfonts/cm/cmmi5.pfb></usr/share/texli
ve/texmf-dist/fonts/type1/public/amsfonts/cm/cmmi7.pfb></usr/share/texlive/texm
f-dist/fonts/type1/public/amsfonts/cm/cmr10.pfb></usr/share/texlive/texmf-dist/
fonts/type1/public/amsfonts/cm/cmr17.pfb></usr/share/texlive/texmf-dist/fonts/t
ype1/public/amsfonts/cm/cmr5.pfb></usr/share/texlive/texmf-dist/fonts/type1/pub
lic/amsfonts/cm/cmr7.pfb></usr/share/texlive/texmf-dist/fonts/type1/public/amsf
onts/cm/cmsy10.pfb></usr/share/texlive/texmf-dist/fonts/type1/public/amsfonts/c
m/cmsy5.pfb></usr/share/texlive/texmf-dist/fonts/type1/public/amsfonts/cm/cmsy7
.pfb>
Output written on electrongun.pdf (10 pages, 221050 bytes).
PDF statistics:
 281 PDF objects out of 1000 (max. 8388607)
 188 compressed objects within 2 object streams
 29 named destinations out of 1000 (max. 500000)
 519 words of extra memory for PDF output out of 10000 (max. 10000000)

